<?xml version="1.0" encoding="UTF-8"?>
<!-- Generated by org.testng.reporters.JUnitXMLReporter -->
<testsuite hostname="EPLTVILW0107" ignored="0" name="CheckEstimatedCostInTempMailPage" tests="1" failures="1" timestamp="2022-03-30T15:51:20 EEST" time="16.663" errors="0">
  <testcase name="calculationInEstimateAndEmail" time="13.743" classname="com.epam.automation.test.EstimatedCostInEmailTest">
    <failure type="org.openqa.selenium.NoSuchElementException" message="no such element: Unable to locate element: {&amp;quot;method&amp;quot;:&amp;quot;xpath&amp;quot;,&amp;quot;selector&amp;quot;:&amp;quot;//div[@class=&amp;apos;md-select-menu-container cpc-region-select md-active md-clickable&amp;apos;]//md-option//div[contains(text(),&amp;apos;Frankfurt (europe-west3)&amp;apos;)]&amp;quot;}
  (Session info: chrome=99.0.4844.84)
For documentation on this error, please visit: https://selenium.dev/exceptions/#no_such_element
Build info: version: &amp;apos;4.1.2&amp;apos;, revision: &amp;apos;9a5a329c5a&amp;apos;
System info: host: &amp;apos;EPLTVILW0107&amp;apos;, ip: &amp;apos;10.22.7.180&amp;apos;, os.name: &amp;apos;Windows 10&amp;apos;, os.arch: &amp;apos;amd64&amp;apos;, os.version: &amp;apos;10.0&amp;apos;, java.version: &amp;apos;1.8.0_202&amp;apos;
Driver info: org.openqa.selenium.chrome.ChromeDriver
Command: [afd674cba44f30e9cf8afaf85a075779, findChildElement {id=61cc9262-48e9-4346-a863-f6c98136ef9c, using=xpath, value=//div[@class=&amp;apos;md-select-menu-container cpc-region-select md-active md-clickable&amp;apos;]//md-option//div[contains(text(),&amp;apos;Frankfurt (europe-west3)&amp;apos;)]}]
Capabilities {acceptInsecureCerts: false, browserName: chrome, browserVersion: 99.0.4844.84, chrome: {chromedriverVersion: 99.0.4844.51 (d537ec02474b5..., userDataDir: C:\Users\DMITRY~1\AppData\L...}, goog:chromeOptions: {debuggerAddress: localhost:60646}, javascriptEnabled: true, networkConnectionEnabled: false, pageLoadStrategy: normal, platform: WINDOWS, platformName: WINDOWS, proxy: Proxy(), se:cdp: ws://localhost:60646/devtoo..., se:cdpVersion: 99.0.4844.84, setWindowRect: true, strictFileInteractability: false, timeouts: {implicit: 0, pageLoad: 300000, script: 30000}, unhandledPromptBehavior: dismiss and notify, webauthn:extension:credBlob: true, webauthn:extension:largeBlob: true, webauthn:virtualAuthenticators: true}
Session ID: afd674cba44f30e9cf8afaf85a075779">
      <![CDATA[org.openqa.selenium.NoSuchElementException: no such element: Unable to locate element: {"method":"xpath","selector":"//div[@class='md-select-menu-container cpc-region-select md-active md-clickable']//md-option//div[contains(text(),'Frankfurt (europe-west3)')]"}
  (Session info: chrome=99.0.4844.84)
For documentation on this error, please visit: https://selenium.dev/exceptions/#no_such_element
Build info: version: '4.1.2', revision: '9a5a329c5a'
System info: host: 'EPLTVILW0107', ip: '10.22.7.180', os.name: 'Windows 10', os.arch: 'amd64', os.version: '10.0', java.version: '1.8.0_202'
Driver info: org.openqa.selenium.chrome.ChromeDriver
Command: [afd674cba44f30e9cf8afaf85a075779, findChildElement {id=61cc9262-48e9-4346-a863-f6c98136ef9c, using=xpath, value=//div[@class='md-select-menu-container cpc-region-select md-active md-clickable']//md-option//div[contains(text(),'Frankfurt (europe-west3)')]}]
Capabilities {acceptInsecureCerts: false, browserName: chrome, browserVersion: 99.0.4844.84, chrome: {chromedriverVersion: 99.0.4844.51 (d537ec02474b5..., userDataDir: C:\Users\DMITRY~1\AppData\L...}, goog:chromeOptions: {debuggerAddress: localhost:60646}, javascriptEnabled: true, networkConnectionEnabled: false, pageLoadStrategy: normal, platform: WINDOWS, platformName: WINDOWS, proxy: Proxy(), se:cdp: ws://localhost:60646/devtoo..., se:cdpVersion: 99.0.4844.84, setWindowRect: true, strictFileInteractability: false, timeouts: {implicit: 0, pageLoad: 300000, script: 30000}, unhandledPromptBehavior: dismiss and notify, webauthn:extension:credBlob: true, webauthn:extension:largeBlob: true, webauthn:virtualAuthenticators: true}
Session ID: afd674cba44f30e9cf8afaf85a075779
at org.openqa.selenium.remote.codec.w3c.W3CHttpResponseCodec.createException(W3CHttpResponseCodec.java:200)
at org.openqa.selenium.remote.codec.w3c.W3CHttpResponseCodec.decode(W3CHttpResponseCodec.java:133)
at org.openqa.selenium.remote.codec.w3c.W3CHttpResponseCodec.decode(W3CHttpResponseCodec.java:53)
at org.openqa.selenium.remote.HttpCommandExecutor.execute(HttpCommandExecutor.java:184)
at org.openqa.selenium.remote.service.DriverCommandExecutor.invokeExecute(DriverCommandExecutor.java:167)
at org.openqa.selenium.remote.service.DriverCommandExecutor.execute(DriverCommandExecutor.java:142)
at org.openqa.selenium.remote.RemoteWebDriver.execute(RemoteWebDriver.java:558)
at org.openqa.selenium.remote.ElementLocation$ElementFinder$2.findElement(ElementLocation.java:162)
at org.openqa.selenium.remote.ElementLocation.findElement(ElementLocation.java:60)
at org.openqa.selenium.remote.RemoteWebDriver.findElement(RemoteWebDriver.java:382)
at org.openqa.selenium.remote.RemoteWebElement.findElement(RemoteWebElement.java:221)
at org.openqa.selenium.support.pagefactory.internal.LocatingElementHandler.invoke(LocatingElementHandler.java:52)
at com.sun.proxy.$Proxy28.findElement(Unknown Source)
at com.epam.automation.util.SelecterMD.selectRegion(SelecterMD.java:52)
at com.epam.automation.page.googlecloud.GoogleCloudFillComputeEngine.fillDatacenterLocation(GoogleCloudFillComputeEngine.java:104)
at com.epam.automation.page.googlecloud.GoogleCloudFillComputeEngine.fillFormWithData(GoogleCloudFillComputeEngine.java:145)
at com.epam.automation.test.EstimatedCostInEmailTest.calculationInEstimateAndEmail(EstimatedCostInEmailTest.java:22)
at java.util.ArrayList.forEach(ArrayList.java:1257)
... Removed 38 stack frames]]>
    </failure>
  </testcase> <!-- calculationInEstimateAndEmail -->
</testsuite> <!-- CheckEstimatedCostInTempMailPage -->
