<?xml version="1.0" encoding="UTF-8"?>
<testng-results skipped="0" failed="1" ignored="0" total="7" passed="6">
  <reporter-output>
  </reporter-output>
  <suite name="Smoke" duration-ms="164066" started-at="2022-03-30T17:07:35 EEST" finished-at="2022-03-30T17:10:19 EEST">
    <groups>
    </groups>
    <test name="CheckEstimatedCostInComputeEnginePage" duration-ms="18963" started-at="2022-03-30T17:07:35 EEST" finished-at="2022-03-30T17:07:54 EEST">
      <class name="com.epam.automation.test.EstimatedCostInComputeEngineTest">
        <test-method status="PASS" signature="setUp()[pri:0, instance:com.epam.automation.test.EstimatedCostInComputeEngineTest@3712b94]" name="setUp" is-config="true" duration-ms="2878" started-at="2022-03-30T17:07:35 EEST" finished-at="2022-03-30T17:07:38 EEST">
          <reporter-output>
          </reporter-output>
        </test-method> <!-- setUp -->
        <test-method status="PASS" signature="compareOfCalculationsByProgramAndManually()[pri:0, instance:com.epam.automation.test.EstimatedCostInComputeEngineTest@3712b94]" name="compareOfCalculationsByProgramAndManually" duration-ms="15304" started-at="2022-03-30T17:07:38 EEST" description="Check that the rental amount coincides with the manual calculation" finished-at="2022-03-30T17:07:53 EEST">
          <reporter-output>
          </reporter-output>
        </test-method> <!-- compareOfCalculationsByProgramAndManually -->
        <test-method status="PASS" signature="stopBrowser()[pri:0, instance:com.epam.automation.test.EstimatedCostInComputeEngineTest@3712b94]" name="stopBrowser" is-config="true" duration-ms="758" started-at="2022-03-30T17:07:53 EEST" finished-at="2022-03-30T17:07:54 EEST">
          <reporter-output>
          </reporter-output>
        </test-method> <!-- stopBrowser -->
      </class> <!-- com.epam.automation.test.EstimatedCostInComputeEngineTest -->
    </test> <!-- CheckEstimatedCostInComputeEnginePage -->
    <test name="CheckEstimatedCostInTempMailPage" duration-ms="54662" started-at="2022-03-30T17:07:54 EEST" finished-at="2022-03-30T17:08:48 EEST">
      <class name="com.epam.automation.test.EstimatedCostInEmailTest">
        <test-method status="PASS" signature="setUp()[pri:0, instance:com.epam.automation.test.EstimatedCostInEmailTest@1f97cf0d]" name="setUp" is-config="true" duration-ms="1220" started-at="2022-03-30T17:07:54 EEST" finished-at="2022-03-30T17:07:55 EEST">
          <reporter-output>
          </reporter-output>
        </test-method> <!-- setUp -->
        <test-method status="FAIL" signature="calculationInEstimateAndEmail()[pri:0, instance:com.epam.automation.test.EstimatedCostInEmailTest@1f97cf0d]" name="calculationInEstimateAndEmail" duration-ms="52555" started-at="2022-03-30T17:07:55 EEST" description="Check calculation in Estimate and Mail." finished-at="2022-03-30T17:08:48 EEST">
          <exception class="org.openqa.selenium.TimeoutException">
            <message>
              <![CDATA[Expected condition failed: waiting for text ('Estimated Monthly Cost:') to be present in element Proxy element for: DefaultElementLocator 'By.xpath: //h2[contains(text(), 'Estimated Monthly Cost:')]' (tried for 20 second(s) with 500 milliseconds interval)]]>
            </message>
            <full-stacktrace>
              <![CDATA[org.openqa.selenium.TimeoutException: Expected condition failed: waiting for text ('Estimated Monthly Cost:') to be present in element Proxy element for: DefaultElementLocator 'By.xpath: //h2[contains(text(), 'Estimated Monthly Cost:')]' (tried for 20 second(s) with 500 milliseconds interval)
at org.openqa.selenium.support.ui.WebDriverWait.timeoutException(WebDriverWait.java:138)
at org.openqa.selenium.support.ui.FluentWait.until(FluentWait.java:231)
at com.epam.automation.helper.Waiter.waitUntilTextToBe(Waiter.java:59)
at com.epam.automation.page.tempmail.TempMailInboxPage.receiveEstimateCostFromEmail(TempMailInboxPage.java:40)
at com.epam.automation.test.EstimatedCostInEmailTest.calculationInEstimateAndEmail(EstimatedCostInEmailTest.java:28)
at sun.reflect.NativeMethodAccessorImpl.invoke0(Native Method)
at sun.reflect.NativeMethodAccessorImpl.invoke(NativeMethodAccessorImpl.java:62)
at sun.reflect.DelegatingMethodAccessorImpl.invoke(DelegatingMethodAccessorImpl.java:43)
at java.lang.reflect.Method.invoke(Method.java:498)
at org.testng.internal.invokers.MethodInvocationHelper.invokeMethod(MethodInvocationHelper.java:135)
at org.testng.internal.invokers.TestInvoker.invokeMethod(TestInvoker.java:673)
at org.testng.internal.invokers.TestInvoker.invokeTestMethod(TestInvoker.java:220)
at org.testng.internal.invokers.MethodRunner.runInSequence(MethodRunner.java:50)
at org.testng.internal.invokers.TestInvoker$MethodInvocationAgent.invoke(TestInvoker.java:945)
at org.testng.internal.invokers.TestInvoker.invokeTestMethods(TestInvoker.java:193)
at org.testng.internal.invokers.TestMethodWorker.invokeTestMethods(TestMethodWorker.java:146)
at org.testng.internal.invokers.TestMethodWorker.run(TestMethodWorker.java:128)
at java.util.ArrayList.forEach(ArrayList.java:1257)
at org.testng.TestRunner.privateRun(TestRunner.java:808)
at org.testng.TestRunner.run(TestRunner.java:603)
at org.testng.SuiteRunner.runTest(SuiteRunner.java:429)
at org.testng.SuiteRunner.runSequentially(SuiteRunner.java:423)
at org.testng.SuiteRunner.privateRun(SuiteRunner.java:383)
at org.testng.SuiteRunner.run(SuiteRunner.java:326)
at org.testng.SuiteRunnerWorker.runSuite(SuiteRunnerWorker.java:52)
at org.testng.SuiteRunnerWorker.run(SuiteRunnerWorker.java:95)
at org.testng.TestNG.runSuitesSequentially(TestNG.java:1249)
at org.testng.TestNG.runSuitesLocally(TestNG.java:1169)
at org.testng.TestNG.runSuites(TestNG.java:1092)
at org.testng.TestNG.run(TestNG.java:1060)
at org.apache.maven.surefire.testng.TestNGExecutor.run(TestNGExecutor.java:283)
at org.apache.maven.surefire.testng.TestNGXmlTestSuite.execute(TestNGXmlTestSuite.java:75)
at org.apache.maven.surefire.testng.TestNGProvider.invoke(TestNGProvider.java:120)
at org.apache.maven.surefire.booter.ForkedBooter.invokeProviderInSameClassLoader(ForkedBooter.java:384)
at org.apache.maven.surefire.booter.ForkedBooter.runSuitesInProcess(ForkedBooter.java:345)
at org.apache.maven.surefire.booter.ForkedBooter.execute(ForkedBooter.java:126)
at org.apache.maven.surefire.booter.ForkedBooter.main(ForkedBooter.java:418)
Caused by: org.openqa.selenium.NoSuchElementException: no such element: Unable to locate element: {"method":"xpath","selector":"//h2[contains(text(), 'Estimated Monthly Cost:')]"}
  (Session info: chrome=99.0.4844.84)
For documentation on this error, please visit: https://selenium.dev/exceptions/#no_such_element
Build info: version: '4.1.2', revision: '9a5a329c5a'
System info: host: 'EPLTVILW0107', ip: '10.22.7.180', os.name: 'Windows 10', os.arch: 'amd64', os.version: '10.0', java.version: '1.8.0_202'
Driver info: org.openqa.selenium.chrome.ChromeDriver
Command: [4a9338c229759937f68b7e21669818ee, findElement {using=xpath, value=//h2[contains(text(), 'Estimated Monthly Cost:')]}]
Capabilities {acceptInsecureCerts: false, browserName: chrome, browserVersion: 99.0.4844.84, chrome: {chromedriverVersion: 99.0.4844.51 (d537ec02474b5..., userDataDir: C:\Users\DMITRY~1\AppData\L...}, goog:chromeOptions: {debuggerAddress: localhost:65248}, javascriptEnabled: true, networkConnectionEnabled: false, pageLoadStrategy: normal, platform: WINDOWS, platformName: WINDOWS, proxy: Proxy(), se:cdp: ws://localhost:65248/devtoo..., se:cdpVersion: 99.0.4844.84, setWindowRect: true, strictFileInteractability: false, timeouts: {implicit: 0, pageLoad: 300000, script: 30000}, unhandledPromptBehavior: dismiss and notify, webauthn:extension:credBlob: true, webauthn:extension:largeBlob: true, webauthn:virtualAuthenticators: true}
Session ID: 4a9338c229759937f68b7e21669818ee
at sun.reflect.GeneratedConstructorAccessor24.newInstance(Unknown Source)
at sun.reflect.DelegatingConstructorAccessorImpl.newInstance(DelegatingConstructorAccessorImpl.java:45)
at java.lang.reflect.Constructor.newInstance(Constructor.java:423)
at org.openqa.selenium.remote.codec.w3c.W3CHttpResponseCodec.createException(W3CHttpResponseCodec.java:200)
at org.openqa.selenium.remote.codec.w3c.W3CHttpResponseCodec.decode(W3CHttpResponseCodec.java:133)
at org.openqa.selenium.remote.codec.w3c.W3CHttpResponseCodec.decode(W3CHttpResponseCodec.java:53)
at org.openqa.selenium.remote.HttpCommandExecutor.execute(HttpCommandExecutor.java:184)
at org.openqa.selenium.remote.service.DriverCommandExecutor.invokeExecute(DriverCommandExecutor.java:167)
at org.openqa.selenium.remote.service.DriverCommandExecutor.execute(DriverCommandExecutor.java:142)
at org.openqa.selenium.remote.RemoteWebDriver.execute(RemoteWebDriver.java:558)
at org.openqa.selenium.remote.ElementLocation$ElementFinder$2.findElement(ElementLocation.java:162)
at org.openqa.selenium.remote.ElementLocation.findElement(ElementLocation.java:60)
at org.openqa.selenium.remote.RemoteWebDriver.findElement(RemoteWebDriver.java:382)
at org.openqa.selenium.remote.RemoteWebDriver.findElement(RemoteWebDriver.java:374)
at org.openqa.selenium.support.pagefactory.DefaultElementLocator.findElement(DefaultElementLocator.java:70)
at org.openqa.selenium.support.pagefactory.internal.LocatingElementHandler.invoke(LocatingElementHandler.java:39)
at com.sun.proxy.$Proxy28.getText(Unknown Source)
at org.openqa.selenium.support.ui.ExpectedConditions$12.apply(ExpectedConditions.java:346)
at org.openqa.selenium.support.ui.ExpectedConditions$12.apply(ExpectedConditions.java:342)
at org.openqa.selenium.support.ui.FluentWait.until(FluentWait.java:208)
... 35 more
]]>
            </full-stacktrace>
          </exception> <!-- org.openqa.selenium.TimeoutException -->
          <reporter-output>
          </reporter-output>
        </test-method> <!-- calculationInEstimateAndEmail -->
        <test-method status="PASS" signature="stopBrowser()[pri:0, instance:com.epam.automation.test.EstimatedCostInEmailTest@1f97cf0d]" name="stopBrowser" is-config="true" duration-ms="749" started-at="2022-03-30T17:08:48 EEST" finished-at="2022-03-30T17:08:48 EEST">
          <reporter-output>
          </reporter-output>
        </test-method> <!-- stopBrowser -->
      </class> <!-- com.epam.automation.test.EstimatedCostInEmailTest -->
    </test> <!-- CheckEstimatedCostInTempMailPage -->
    <test name="CheckEstimatedParametersInComputeEnginePage" duration-ms="90427" started-at="2022-03-30T17:08:48 EEST" finished-at="2022-03-30T17:10:19 EEST">
      <class name="com.epam.automation.test.EstimatedParametersTest">
        <test-method status="PASS" signature="setUp()[pri:0, instance:com.epam.automation.test.EstimatedParametersTest@3246fb96]" name="setUp" is-config="true" duration-ms="1239" started-at="2022-03-30T17:08:48 EEST" finished-at="2022-03-30T17:08:50 EEST">
          <reporter-output>
          </reporter-output>
        </test-method> <!-- setUp -->
        <test-method status="PASS" signature="testVerifyCommitmentTerm()[pri:0, instance:com.epam.automation.test.EstimatedParametersTest@3246fb96]" name="testVerifyCommitmentTerm" duration-ms="15864" started-at="2022-03-30T17:08:50 EEST" description="Check Commitment Term" finished-at="2022-03-30T17:09:06 EEST">
          <reporter-output>
          </reporter-output>
        </test-method> <!-- testVerifyCommitmentTerm -->
        <test-method status="PASS" signature="stopBrowser()[pri:0, instance:com.epam.automation.test.EstimatedParametersTest@3246fb96]" name="stopBrowser" is-config="true" duration-ms="886" started-at="2022-03-30T17:09:06 EEST" finished-at="2022-03-30T17:09:06 EEST">
          <reporter-output>
          </reporter-output>
        </test-method> <!-- stopBrowser -->
        <test-method status="PASS" signature="setUp()[pri:0, instance:com.epam.automation.test.EstimatedParametersTest@3246fb96]" name="setUp" is-config="true" duration-ms="1225" started-at="2022-03-30T17:09:06 EEST" finished-at="2022-03-30T17:09:08 EEST">
          <reporter-output>
          </reporter-output>
        </test-method> <!-- setUp -->
        <test-method status="PASS" signature="testVerifyInstanceType()[pri:0, instance:com.epam.automation.test.EstimatedParametersTest@3246fb96]" name="testVerifyInstanceType" duration-ms="17027" started-at="2022-03-30T17:09:08 EEST" description="Check Instance type" finished-at="2022-03-30T17:09:25 EEST">
          <reporter-output>
          </reporter-output>
        </test-method> <!-- testVerifyInstanceType -->
        <test-method status="PASS" signature="stopBrowser()[pri:0, instance:com.epam.automation.test.EstimatedParametersTest@3246fb96]" name="stopBrowser" is-config="true" duration-ms="785" started-at="2022-03-30T17:09:25 EEST" finished-at="2022-03-30T17:09:25 EEST">
          <reporter-output>
          </reporter-output>
        </test-method> <!-- stopBrowser -->
        <test-method status="PASS" signature="setUp()[pri:0, instance:com.epam.automation.test.EstimatedParametersTest@3246fb96]" name="setUp" is-config="true" duration-ms="1197" started-at="2022-03-30T17:09:25 EEST" finished-at="2022-03-30T17:09:27 EEST">
          <reporter-output>
          </reporter-output>
        </test-method> <!-- setUp -->
        <test-method status="PASS" signature="testVerifyLocalSSD()[pri:0, instance:com.epam.automation.test.EstimatedParametersTest@3246fb96]" name="testVerifyLocalSSD" duration-ms="14178" started-at="2022-03-30T17:09:27 EEST" description="Check LocalSSD" finished-at="2022-03-30T17:09:41 EEST">
          <reporter-output>
          </reporter-output>
        </test-method> <!-- testVerifyLocalSSD -->
        <test-method status="PASS" signature="stopBrowser()[pri:0, instance:com.epam.automation.test.EstimatedParametersTest@3246fb96]" name="stopBrowser" is-config="true" duration-ms="1582" started-at="2022-03-30T17:09:41 EEST" finished-at="2022-03-30T17:09:42 EEST">
          <reporter-output>
          </reporter-output>
        </test-method> <!-- stopBrowser -->
        <test-method status="PASS" signature="setUp()[pri:0, instance:com.epam.automation.test.EstimatedParametersTest@3246fb96]" name="setUp" is-config="true" duration-ms="1163" started-at="2022-03-30T17:09:42 EEST" finished-at="2022-03-30T17:09:44 EEST">
          <reporter-output>
          </reporter-output>
        </test-method> <!-- setUp -->
        <test-method status="PASS" signature="testVerifyRegion()[pri:0, instance:com.epam.automation.test.EstimatedParametersTest@3246fb96]" name="testVerifyRegion" duration-ms="16488" started-at="2022-03-30T17:09:44 EEST" description="Check Region" finished-at="2022-03-30T17:10:00 EEST">
          <reporter-output>
          </reporter-output>
        </test-method> <!-- testVerifyRegion -->
        <test-method status="PASS" signature="stopBrowser()[pri:0, instance:com.epam.automation.test.EstimatedParametersTest@3246fb96]" name="stopBrowser" is-config="true" duration-ms="881" started-at="2022-03-30T17:10:00 EEST" finished-at="2022-03-30T17:10:01 EEST">
          <reporter-output>
          </reporter-output>
        </test-method> <!-- stopBrowser -->
        <test-method status="PASS" signature="setUp()[pri:0, instance:com.epam.automation.test.EstimatedParametersTest@3246fb96]" name="setUp" is-config="true" duration-ms="1294" started-at="2022-03-30T17:10:01 EEST" finished-at="2022-03-30T17:10:02 EEST">
          <reporter-output>
          </reporter-output>
        </test-method> <!-- setUp -->
        <test-method status="PASS" signature="testVerifyVMClassField()[pri:0, instance:com.epam.automation.test.EstimatedParametersTest@3246fb96]" name="testVerifyVMClassField" duration-ms="15774" started-at="2022-03-30T17:10:02 EEST" description="Check VmClass" finished-at="2022-03-30T17:10:18 EEST">
          <reporter-output>
          </reporter-output>
        </test-method> <!-- testVerifyVMClassField -->
        <test-method status="PASS" signature="stopBrowser()[pri:0, instance:com.epam.automation.test.EstimatedParametersTest@3246fb96]" name="stopBrowser" is-config="true" duration-ms="843" started-at="2022-03-30T17:10:18 EEST" finished-at="2022-03-30T17:10:19 EEST">
          <reporter-output>
          </reporter-output>
        </test-method> <!-- stopBrowser -->
      </class> <!-- com.epam.automation.test.EstimatedParametersTest -->
    </test> <!-- CheckEstimatedParametersInComputeEnginePage -->
  </suite> <!-- Smoke -->
</testng-results>
